
 Check for an OCI runner:

+ podman version
Client:       Podman Engine
Version:      5.3.2
API Version:  5.3.2
Go Version:   go1.23.4
Built:        Wed Jan 22 01:00:00 2025
OS/Arch:      linux/amd64

 Prepare the environment:

+ git clone https://gitlab.com/riseproject/rvv-env.git -b main
Cloning into 'rvv-env'...
remote: Enumerating objects: 143, done.
remote: Counting objects: 100% (130/130), done.
remote: Compressing objects: 100% (124/124), done.
remote: Total 143 (delta 64), reused 0 (delta 0), pack-reused 13 (from 1)
Receiving objects: 100% (143/143), 100.80 KiB | 3.48 MiB/s, done.
Resolving deltas: 100% (65/65), done.
+ cd rvv-env
+ source env.sh
++++ realpath env.sh
+++ dirname ...
++ PATH=...
++ export PATH
+ export IMAGE_VARIANT_TARGET=target-pixman
+ IMAGE_VARIANT_TARGET=target-pixman

 Pull the OCI images:

+ ./oci-pull.sh
Trying to pull registry.gitlab.com/riseproject/rvv-env/host-patched:latest...
Getting image source signatures
Copying blob 84fc9561401f skipped: already exists
Copying blob 53308a56a979 skipped: already exists
Copying blob 5a7813e071bf skipped: already exists
Copying blob 12fbdc6d4f20 skipped: already exists
Copying blob 0951f1c581e0 skipped: already exists
Copying blob cd41edf632b3 skipped: already exists
Copying blob e47699a913bf skipped: already exists
Copying config f39e031bd1 done   |
Writing manifest to image destination
f39e031bd1ee1e4d05ee6325f1952a3aa3b0a4a7f9b0cb9da81581755015a3be
Trying to pull registry.gitlab.com/riseproject/rvv-env/target-pixman:latest...
Getting image source signatures
Copying blob c3c4d7fb7144 skipped: already exists
Copying blob ce9e88bcf544 skipped: already exists
Copying blob 70b70c11b5ce skipped: already exists
Copying blob 6c2396fb7e34 skipped: already exists
Copying blob 8f3f49113c0e skipped: already exists
Copying blob 9634d67329cf skipped: already exists
Copying blob ddf52c3af23c skipped: already exists
Copying config f951cc033c done   |
Writing manifest to image destination
f951cc033c112350d9e2223206745163d7e52ce7dbac13fe37e114e61bba3667

 Check if the target works:

+ target-run uname -a
Linux target-pixman 6.12.15-200.fc41.x86_64 #1 SMP PREEMPT_DYNAMIC Tue Feb 18 15:24:05 UTC 2025 riscv64 GNU/Linux

 Build Pixman:

+ cd work
+ host-run git clone https://gitlab.freedesktop.org/pixman/pixman.git
Cloning into 'pixman'...
remote: Enumerating objects: 12880, done.
remote: Counting objects: 100% (857/857), done.
remote: Compressing objects: 100% (334/334), done.
remote: Total 12880 (delta 518), reused 851 (delta 515), pack-reused 12023 (from 1)
Receiving objects: 100% (12880/12880), 3.36 MiB | 4.18 MiB/s, done.
Resolving deltas: 100% (9737/9737), done.
+ cd pixman
+ target-run meson setup build
The Meson build system
Version: 1.6.1
Source dir: /work/pixman
Build dir: /work/pixman/build
Build type: native build
Project name: pixman
Project version: 0.44.3
C compiler for the host machine: cc (gcc 14.2.0 "cc (Debian 14.2.0-12) 14.2.0")
C linker for the host machine: cc ld.bfd 2.43.50.20250108
Host machine cpu family: riscv64
Host machine cpu: riscv64
Compiler for C supports arguments -Wdeclaration-after-statement: YES
Compiler for C supports arguments -fno-strict-aliasing: YES
Compiler for C supports arguments -fvisibility=hidden: YES
Compiler for C supports arguments -Wundef: YES
Compiler for C supports arguments -ftrapping-math: YES
Compiler for C supports arguments -Wunused-local-typedefs: YES
Checking if "test for ASM .func directive" compiles: YES
Checking if "test for ASM .syntax unified directive" compiles: NO
Checking if "test for ASM leading underscore" : links: NO
Checking if "RISC-V Vector Intrinsic Support" compiles: YES
Checking if "GNU Inline ASM support." compiles: YES
Run-time dependency OpenMP found: YES 4.5
Found pkg-config: YES (/usr/bin/pkg-config) 1.8.1
Run-time dependency gtk+-3.0 found: YES 3.24.43
Run-time dependency glib-2.0 found: YES 2.82.4
Run-time dependency libpng found: YES 1.6.45
Library m found: YES
Run-time dependency threads found: YES
Has header "pthread.h" : YES
Checking for function "sigaction" : YES
Checking for function "alarm" : YES
Checking for function "mprotect" : YES
Checking for function "getpagesize" : YES
Checking for function "mmap" : YES
Checking for function "getisax" : NO
Checking for function "gettimeofday" : YES
Checking for function "posix_memalign" : YES
Checking for function "feenableexcept" with dependency -lm: NO
Header "fenv.h" has symbol "FE_DIVBYZERO" : YES
Check usable header "sys/mman.h" : YES
Check usable header "fenv.h" : YES
Check usable header "unistd.h" : YES
Checking if "TLS via __thread" compiles: YES
Checking if "__attribute__((constructor))" : links: YES
Checking if "__attribute__((destructor))" : links: YES
Checking if "Has float128 support" : links: NO
Checking for function "clz" : YES
Checking if "Support for GCC vector extensions" : links: YES
Checking for size of "long" : 8
Configuring pixman-config.h using configuration
Configuring pixman-version.h using configuration
Compiler for C supports function attribute dllexport: NO
Build targets in project: 58

Found ninja-1.12.1 at /usr/bin/ninja
+ target-run meson compile -C build
INFO: autodetecting backend as ninja
INFO: calculating backend command to run: /usr/bin/ninja -C /work/pixman/build
ninja: Entering directory `/work/pixman/build'
[4/148] Compiling C object pixman/libpixman-1.so.0.44.3.p/pixman.c.o
../pixman/pixman.c: In function ‘pixman_image_fill_rectangles’:
../pixman/pixman.c:881:14: warning: ‘stack_boxes’ may be used uninitialized [-Wmaybe-uninitialized]
  881 |     result = pixman_image_fill_boxes (op, dest, color, n_rects, boxes);
      |              ^~~~~~~~~~~~~~~~~~~~~~~~~~~~~~~~~~~~~~~~~~~~~~~~~~~~~~~~~
../pixman/pixman.c:890:1: note: by argument 5 of type ‘const pixman_box32_t *’ {aka ‘const struct pixman_box32 *’} to ‘pixman_image_fill_boxes’ declared here
  890 | pixman_image_fill_boxes (pixman_op_t           op,
      | ^~~~~~~~~~~~~~~~~~~~~~~
../pixman/pixman.c:857:20: note: ‘stack_boxes’ declared here
  857 |     pixman_box32_t stack_boxes[6];
      |                    ^~~~~~~~~~~
[8/148] Compiling C object pixman/libpixman-1.so.0.44.3.p/pixman-glyph.c.o
../pixman/pixman-glyph.c:408:1: warning: ‘force_align_arg_pointer’ attribute directive ignored [-Wattributes]
  408 | {
      | ^
../pixman/pixman-glyph.c:655:1: warning: ‘force_align_arg_pointer’ attribute directive ignored [-Wattributes]
  655 | {
      | ^
[37/148] Compiling C object demos/composite-test.p/composite-test.c.o
../demos/composite-test.c: In function ‘main’:
../demos/composite-test.c:122:5: warning: ‘gtk_table_new’ is deprecated: Use 'GtkGrid' instead [-Wdeprecated-declarations]
  122 |     table = gtk_table_new (G_N_ELEMENTS (operators) / 6, 6, TRUE);
      |     ^~~~~
In file included from /usr/include/gtk-3.0/gtk/gtk.h:280,
                 from ../demos/composite-test.c:1:
/usr/include/gtk-3.0/gtk/deprecated/gtktable.h:119:12: note: declared here
  119 | GtkWidget* gtk_table_new              (guint            rows,
      |            ^~~~~~~~~~~~~
../demos/composite-test.c:142:9: warning: ‘gtk_vbox_new’ is deprecated: Use 'gtk_box_new' instead [-Wdeprecated-declarations]
  142 |         vbox = gtk_vbox_new (FALSE, 0);
      |         ^~~~
In file included from /usr/include/gtk-3.0/gtk/gtk.h:286:
/usr/include/gtk-3.0/gtk/deprecated/gtkvbox.h:61:13: note: declared here
   61 | GtkWidget * gtk_vbox_new      (gboolean homogeneous,
      |             ^~~~~~~~~~~~
../demos/composite-test.c:158:9: warning: ‘gtk_table_attach_defaults’ is deprecated: Use 'GtkGrid' instead [-Wdeprecated-declarations]
  158 |         gtk_table_attach_defaults (GTK_TABLE (table), vbox,
      |         ^~~~~~~~~~~~~~~~~~~~~~~~~
/usr/include/gtk-3.0/gtk/deprecated/gtktable.h:138:12: note: declared here
  138 | void       gtk_table_attach_defaults  (GtkTable        *table,
      |            ^~~~~~~~~~~~~~~~~~~~~~~~~
../demos/composite-test.c:175:5: warning: ‘gtk_scrolled_window_add_with_viewport’ is deprecated: Use 'gtk_container_add' instead [-Wdeprecated-declarations]
  175 |     gtk_scrolled_window_add_with_viewport (GTK_SCROLLED_WINDOW (swindow), table);
      |     ^~~~~~~~~~~~~~~~~~~~~~~~~~~~~~~~~~~~~
In file included from /usr/include/gtk-3.0/gtk/gtk.h:187:
/usr/include/gtk-3.0/gtk/gtkscrolledwindow.h:186:16: note: declared here
  186 | void           gtk_scrolled_window_add_with_viewport (GtkScrolledWindow *scrolled_window,
      |                ^~~~~~~~~~~~~~~~~~~~~~~~~~~~~~~~~~~~~
[72/148] Compiling C object test/matrix-test.p/matrix-test.c.o
../test/matrix-test.c: In function ‘test_matrix’:
../test/matrix-test.c:131:33: warning: variable ‘transform_ok’ set but not used [-Wunused-but-set-variable]
  131 |         pixman_bool_t           transform_ok;
      |                                 ^~~~~~~~~~~~
[148/148] Linking target test/affine-bench

 Start the debug session:

+ cd build
+ host-gdb
+ target-gdb-rvv test/stress-test
GNU gdb (GDB) 16.0.50.20241213-git
Copyright (C) 2024 Free Software Foundation, Inc.
License GPLv3+: GNU GPL version 3 or later <http://gnu.org/licenses/gpl.html>
This is free software: you are free to change and redistribute it.
There is NO WARRANTY, to the extent permitted by law.
Type "show copying" and "show warranty" for details.
This GDB was configured as "--host=x86_64-pc-linux-gnu --target=riscv64-unknown-linux-gnu".
Type "show configuration" for configuration details.
For bug reporting instructions, please see:
<https://www.gnu.org/software/gdb/bugs/>.
Find the GDB manual and other documentation resources online at:
    <http://www.gnu.org/software/gdb/documentation/>.

For help, type "help".
Type "apropos word" to search for commands related to "word".
Remote debugging using :1234
Reading /work/pixman/build/test/stress-test from remote target...
warning: File transfers from remote targets can be slow. Use "set sysroot" to access files locally instead.
Reading /work/pixman/build/test/stress-test from remote target...
Reading symbols from target:/work/pixman/build/test/stress-test...
Reading /lib/ld-linux-riscv64-lp64d.so.1 from remote target...
Reading /lib/ld-linux-riscv64-lp64d.so.1 from remote target...
Reading symbols from target:/lib/ld-linux-riscv64-lp64d.so.1...
(No debugging symbols found in target:/lib/ld-linux-riscv64-lp64d.so.1)
warning: BFD: warning: system-supplied DSO at 0x7f1c5a1a6000 has a corrupt string table index
0x00007f1c5a1b6898 in ?? () from target:/lib/ld-linux-riscv64-lp64d.so.1
(gdb) b rvv_combine_add_ca_float
Function "rvv_combine_add_ca_float" not defined.
Make breakpoint pending on future shared library load? (y or [n]) y
Breakpoint 1 (rvv_combine_add_ca_float) pending.
(gdb) c
Continuing.
Reading /work/pixman/build/test/../pixman/libpixman-1.so.0 from remote target...
Reading /lib/riscv64-linux-gnu/libpng16.so.16 from remote target...
Reading /lib/riscv64-linux-gnu/libm.so.6 from remote target...
Error while mapping shared library sections:
`target:/lib/riscv64-linux-gnu/libm.so.6': not in executable format: file format not recognized
Reading /lib/riscv64-linux-gnu/libgomp.so.1 from remote target...
Error while mapping shared library sections:
`target:/lib/riscv64-linux-gnu/libgomp.so.1': not in executable format: file format not recognized
Reading /lib/riscv64-linux-gnu/libc.so.6 from remote target...
Error while mapping shared library sections:
`target:/lib/riscv64-linux-gnu/libc.so.6': not in executable format: file format not recognized
Reading /lib/riscv64-linux-gnu/libz.so.1 from remote target...
Error while mapping shared library sections:
`target:/lib/riscv64-linux-gnu/libz.so.1': not in executable format: file format not recognized
[New Thread 3.276]
...

Thread 1 hit Breakpoint 1, rvv_combine_add_ca_float (imp=0x555555566b90, op=PIXMAN_OP_ADD, dest=0x7f1c593f87d0, src=0x7f1c593f87b0, mask=0x7f1c593f87c0, n_pixels=1)
    at ../pixman/pixman-rvv.c:782
782     RVV_MAKE_PD_COMBINERS (add, ONE, ONE)
(gdb) info vector
v0             {q = {0x3d1199a33d1616453d1a45fc3cf00abe, 0x3cfb40823d02f2a73d0812f13d0ce9df}, l = {0x3d1a45fc3cf00abe, 0x3d1199a33d161645, 0x3d0812f13d0ce9df, 0x3cfb40823d02f2a7}, w = {0x3cf00abe, 0x3d1a45fc, 0x3d161645, 0x3d1199a3, 0x3d0ce9df, 0x3d0812f1, 0x3d02f2a7, 0x3cfb4082}, s = {0xabe, 0x3cf0, 0x45fc, 0x3d1a, 0x1645, 0x3d16, 0x99a3, 0x3d11, 0xe9df, 0x3d0c, 0x12f1, 0x3d08, 0xf2a7, 0x3d02, 0x4082, 0x3cfb}, b = {0xbe, 0xa, 0xf0, 0x3c, 0xfc, 0x45, 0x1a, 0x3d, 0x45, 0x16, 0x16, 0x3d, 0xa3, 0x99, 0x11, 0x3d, 0xdf, 0xe9, 0xc, 0x3d, 0xf1, 0x12, 0x8, 0x3d, 0xa7, 0xf2, 0x2, 0x3d, 0x82, 0x40, 0xfb, 0x3c}}
v1             {q = {0x0, 0x0}, l = {0x0, 0x0, 0x0, 0x0}, w = {0x0, 0x0, 0x0, 0x0, 0x0, 0x0, 0x0, 0x0}, s = {0x0 <repeats 16 times>}, b = {0x0 <repeats 32 times>}}
v2             {q = {0x0, 0x0}, l = {0x0, 0x0, 0x0, 0x0}, w = {0x0, 0x0, 0x0, 0x0, 0x0, 0x0, 0x0, 0x0}, s = {0x0 <repeats 16 times>}, b = {0x0 <repeats 32 times>}}
v3             {q = {0x3f8000003f8000003f8000003f800000, 0x3f8000003f8000003f8000003f800000}, l = {0x3f8000003f800000, 0x3f8000003f800000, 0x3f8000003f800000, 0x3f8000003f800000}, w = {0x3f800000, 0x3f800000, 0x3f800000, 0x3f800000, 0x3f800000, 0x3f800000, 0x3f800000, 0x3f800000}, s = {0x0, 0x3f80, 0x0, 0x3f80, 0x0, 0x3f80, 0x0, 0x3f80, 0x0, 0x3f80, 0x0, 0x3f80, 0x0, 0x3f80, 0x0, 0x3f80}, b = {0x0, 0x0, 0x80, 0x3f, 0x0, 0x0, 0x80, 0x3f, 0x0, 0x0, 0x80, 0x3f, 0x0, 0x0, 0x80, 0x3f, 0x0, 0x0, 0x80, 0x3f, 0x0, 0x0, 0x80, 0x3f, 0x0, 0x0, 0x80, 0x3f, 0x0, 0x0, 0x80, 0x3f}}
v4             {q = {0x0, 0x0}, l = {0x0, 0x0, 0x0, 0x0}, w = {0x0, 0x0, 0x0, 0x0, 0x0, 0x0, 0x0, 0x0}, s = {0x0 <repeats 16 times>}, b = {0x0 <repeats 32 times>}}
v5             {q = {0x0, 0x0}, l = {0x0, 0x0, 0x0, 0x0}, w = {0x0, 0x0, 0x0, 0x0, 0x0, 0x0, 0x0, 0x0}, s = {0x0 <repeats 16 times>}, b = {0x0 <repeats 32 times>}}
v6             {q = {0x0, 0x0}, l = {0x0, 0x0, 0x0, 0x0}, w = {0x0, 0x0, 0x0, 0x0, 0x0, 0x0, 0x0, 0x0}, s = {0x0 <repeats 16 times>}, b = {0x0 <repeats 32 times>}}
v7             {q = {0x0, 0x0}, l = {0x0, 0x0, 0x0, 0x0}, w = {0x0, 0x0, 0x0, 0x0, 0x0, 0x0, 0x0, 0x0}, s = {0x0 <repeats 16 times>}, b = {0x0 <repeats 32 times>}}
v8             {q = {0x0, 0x0}, l = {0x0, 0x0, 0x0, 0x0}, w = {0x0, 0x0, 0x0, 0x0, 0x0, 0x0, 0x0, 0x0}, s = {0x0 <repeats 16 times>}, b = {0x0 <repeats 32 times>}}
--Type <RET> for more, q to quit, c to continue without paging--q
Quit
(gdb) disassemble
Dump of assembler code for function rvv_combine_add_ca_float:
=> 0x00007f6c70931a0e <+0>:     beqz    a5,0x7f6c70931aa0 <rvv_combine_add_ca_float+146>
   0x00007f6c70931a10 <+2>:     slliw   a5,a5,0x2
   0x00007f6c70931a14 <+6>:     beqz    a4,0x7f6c70931aa2 <rvv_combine_add_ca_float+148>
   0x00007f6c70931a16 <+8>:     blez    a5,0x7f6c70931aa0 <rvv_combine_add_ca_float+146>
   0x00007f6c70931a1a <+12>:    auipc   a1,0x8
   0x00007f6c70931a1e <+16>:    flw     fa5,1858(a1) # 0x7f6c7093a15c
   0x00007f6c70931a22 <+20>:    sraiw   a1,a5,0x2
   0x00007f6c70931a26 <+24>:    vsetvli a1,a1,e32,m1,ta,ma
   0x00007f6c70931a2a <+28>:    vlseg4e32.v     v8,(a3)
   0x00007f6c70931a2e <+32>:    vlseg4e32.v     v16,(a4)
   0x00007f6c70931a32 <+36>:    vlseg4e32.v     v4,(a2)
   0x00007f6c70931a36 <+40>:    vfmv.v.f        v1,fa5
   0x00007f6c70931a3a <+44>:    slliw   a0,a1,0x2
   0x00007f6c70931a3e <+48>:    subw    a5,a5,a0
   0x00007f6c70931a40 <+50>:    slli    a0,a0,0x2
--Type <RET> for more, q to quit, c to continue without paging--q
Quit
(gdb) q
A debugging session is active.

        Inferior 1 [process 3] will be killed.

Quit anyway? (y or n) y
qemu-riscv64-static: QEMU: Terminated via GDBstub
